Arguments: 
  C:\Program Files\nodejs\node.exe C:\Users\ksp\AppData\Roaming\npm\node_modules\yarn\bin\yarn.js add propper.js

PATH: 
  D:\Portable Programs\cmder\vendor\bin;D:\Portable Programs\cmder\vendor\conemu-maximus5\ConEmu\Scripts;D:\Portable Programs\cmder\vendor\conemu-maximus5;D:\Portable Programs\cmder\vendor\conemu-maximus5\ConEmu;C:\Program Files (x86)\VMware\VMware Workstation\bin\;C:\Program Files\Common Files\Oracle\Java\javapath;C:\Program Files\Python39\Scripts\;C:\Program Files\Python39\;C:\Windows\system32;C:\Windows;C:\Windows\System32\Wbem;C:\Windows\System32\WindowsPowerShell\v1.0\;C:\Windows\System32\OpenSSH\;C:\Program Files\Broadcom\Broadcom 802.11\Driver;C:\Program Files\nodejs\;C:\ProgramData\chocolatey\bin;C:\xampp\php;C:\ProgramData\ComposerSetup\bin;C:\MinGW\bin;D:\Portable Programs\cmder;C:\Program Files\Oracle\VirtualBox;C:\Program Files\Git\cmd;C:\Users\ksp\AppData\Local\Microsoft\WindowsApps;C:\Users\ksp\AppData\Roaming\npm;C:\Users\ksp\AppData\Local\Programs\Microsoft VS Code\bin;C:\Program Files (x86)\Sophos\Sophos SSL VPN Client\bin;C:\Users\ksp\AppData\Roaming\Composer\vendor\bin;C:\Users\ksp\AppData\Local\atom\bin;C:\Program Files\Git\mingw64\bin;C:\Program Files\Git\usr\bin

Yarn version: 
  1.22.10

Node version: 
  14.15.3

Platform: 
  win32 x64

Trace: 
  Error: https://registry.yarnpkg.com/propper.js: Not found
      at Request.params.callback [as _callback] (C:\Users\ksp\AppData\Roaming\npm\node_modules\yarn\lib\cli.js:66988:18)
      at Request.self.callback (C:\Users\ksp\AppData\Roaming\npm\node_modules\yarn\lib\cli.js:140662:22)
      at Request.emit (events.js:315:20)
      at Request.<anonymous> (C:\Users\ksp\AppData\Roaming\npm\node_modules\yarn\lib\cli.js:141634:10)
      at Request.emit (events.js:315:20)
      at IncomingMessage.<anonymous> (C:\Users\ksp\AppData\Roaming\npm\node_modules\yarn\lib\cli.js:141556:12)
      at Object.onceWrapper (events.js:421:28)
      at IncomingMessage.emit (events.js:327:22)
      at endReadableNT (internal/streams/readable.js:1327:12)
      at processTicksAndRejections (internal/process/task_queues.js:80:21)

npm manifest: 
  {
    "name": "webd6201-lesson1b",
    "version": "1.0.0",
    "description": "WEBD6201 - Lesson 1 B example site",
    "main": "index.js",
    "repository": "https://github.com/kritsanasak/webd6201-lesson1.git",
    "author": "Kritsanasak Poungchan <p.kritsanasak@gmail.com>",
    "license": "MIT",
    "dependencies": {
      "jquery": "^3.5.1"
    }
  }

yarn manifest: 
  No manifest

Lockfile: 
  # THIS IS AN AUTOGENERATED FILE. DO NOT EDIT THIS FILE DIRECTLY.
  # yarn lockfile v1
  
  
  jquery@^3.5.1:
    version "3.5.1"
    resolved "https://registry.yarnpkg.com/jquery/-/jquery-3.5.1.tgz#d7b4d08e1bfdb86ad2f1a3d039ea17304717abb5"
    integrity sha512-XwIBPqcMn57FxfT+Go5pzySnm4KWkT1Tv7gjrpT1srtf8Weynl6R273VJ5GjkRb51IzMp5nbaPjJXMWeju2MKg==
